Loading required package: Rcpp
[1] ‘1.22.0’
Loading required package: BiocGenerics

Attaching package: ‘BiocGenerics’

The following objects are masked from ‘package:stats’:

    IQR, mad, sd, var, xtabs

The following objects are masked from ‘package:base’:

    anyDuplicated, append, as.data.frame, basename, cbind, colnames,
    dirname, do.call, duplicated, eval, evalq, Filter, Find, get, grep,
    grepl, intersect, is.unsorted, lapply, Map, mapply, match, mget,
    order, paste, pmax, pmax.int, pmin, pmin.int, Position, rank,
    rbind, Reduce, rownames, sapply, setdiff, sort, table, tapply,
    union, unique, unsplit, which.max, which.min

Loading required package: BiocParallel
Loading required package: Biostrings
Loading required package: S4Vectors
Loading required package: stats4

Attaching package: ‘S4Vectors’

The following objects are masked from ‘package:base’:

    expand.grid, I, unname

Loading required package: IRanges
Loading required package: XVector
Loading required package: GenomeInfoDb

Attaching package: ‘Biostrings’

The following object is masked from ‘package:base’:

    strsplit

Loading required package: Rsamtools
Loading required package: GenomicRanges
Loading required package: GenomicAlignments
Loading required package: SummarizedExperiment
Loading required package: MatrixGenerics
Loading required package: matrixStats

Attaching package: ‘MatrixGenerics’

The following objects are masked from ‘package:matrixStats’:

    colAlls, colAnyNAs, colAnys, colAvgsPerRowSet, colCollapse,
    colCounts, colCummaxs, colCummins, colCumprods, colCumsums,
    colDiffs, colIQRDiffs, colIQRs, colLogSumExps, colMadDiffs,
    colMads, colMaxs, colMeans2, colMedians, colMins, colOrderStats,
    colProds, colQuantiles, colRanges, colRanks, colSdDiffs, colSds,
    colSums2, colTabulates, colVarDiffs, colVars, colWeightedMads,
    colWeightedMeans, colWeightedMedians, colWeightedSds,
    colWeightedVars, rowAlls, rowAnyNAs, rowAnys, rowAvgsPerColSet,
    rowCollapse, rowCounts, rowCummaxs, rowCummins, rowCumprods,
    rowCumsums, rowDiffs, rowIQRDiffs, rowIQRs, rowLogSumExps,
    rowMadDiffs, rowMads, rowMaxs, rowMeans2, rowMedians, rowMins,
    rowOrderStats, rowProds, rowQuantiles, rowRanges, rowRanks,
    rowSdDiffs, rowSds, rowSums2, rowTabulates, rowVarDiffs, rowVars,
    rowWeightedMads, rowWeightedMeans, rowWeightedMedians,
    rowWeightedSds, rowWeightedVars

Loading required package: Biobase
Welcome to Bioconductor

    Vignettes contain introductory material; view with
    'browseVignettes()'. To cite Bioconductor, see
    'citation("Biobase")', and for packages 'citation("pkgname")'.


Attaching package: ‘Biobase’

The following object is masked from ‘package:MatrixGenerics’:

    rowMedians

The following objects are masked from ‘package:matrixStats’:

    anyMissing, rowMedians

[1] ‘1.52.0’

Attaching package: ‘dplyr’

The following object is masked from ‘package:ShortRead’:

    id

The following objects are masked from ‘package:GenomicAlignments’:

    first, last

The following object is masked from ‘package:Biobase’:

    combine

The following object is masked from ‘package:matrixStats’:

    count

The following objects are masked from ‘package:GenomicRanges’:

    intersect, setdiff, union

The following objects are masked from ‘package:Biostrings’:

    collapse, intersect, setdiff, setequal, union

The following object is masked from ‘package:GenomeInfoDb’:

    intersect

The following object is masked from ‘package:XVector’:

    slice

The following objects are masked from ‘package:IRanges’:

    collapse, desc, intersect, setdiff, slice, union

The following objects are masked from ‘package:S4Vectors’:

    first, intersect, rename, setdiff, setequal, union

The following objects are masked from ‘package:BiocGenerics’:

    combine, intersect, setdiff, union

The following objects are masked from ‘package:stats’:

    filter, lag

The following objects are masked from ‘package:base’:

    intersect, setdiff, setequal, union

[1] ‘1.0.10’

Attaching package: ‘tidyr’

The following object is masked from ‘package:S4Vectors’:

    expand

[1] ‘1.2.1’
Loading required package: lattice
Loading required package: survival
Loading required package: Formula
Loading required package: ggplot2

Attaching package: ‘Hmisc’

The following objects are masked from ‘package:dplyr’:

    src, summarize

The following object is masked from ‘package:ShortRead’:

    zoom

The following object is masked from ‘package:Biobase’:

    contents

The following objects are masked from ‘package:Biostrings’:

    mask, translate

The following objects are masked from ‘package:base’:

    format.pval, units

[1] ‘4.7.1’
[1] ‘3.3.6’

Attaching package: ‘plotly’

The following object is masked from ‘package:Hmisc’:

    subplot

The following object is masked from ‘package:ggplot2’:

    last_plot

The following object is masked from ‘package:XVector’:

    slice

The following object is masked from ‘package:IRanges’:

    slice

The following object is masked from ‘package:S4Vectors’:

    rename

The following object is masked from ‘package:stats’:

    filter

The following object is masked from ‘package:graphics’:

    layout

[1] ‘4.10.0’
4.1
 [1] "91610_ID2577_16S-20-R11-P05-D03_S305_L001_R1_001.fastq.gz"  
 [2] "91610_ID2577_16S-20-R11-P05-D03_S305_L001_R2_001.fastq.gz"  
 [3] "91611_ID2577_16S-21-R12-P05-E03_S306_L001_R1_001.fastq.gz"  
 [4] "91611_ID2577_16S-21-R12-P05-E03_S306_L001_R2_001.fastq.gz"  
 [5] "91612_ID2577_16S-22-R13-P05-F03_S307_L001_R1_001.fastq.gz"  
 [6] "91612_ID2577_16S-22-R13-P05-F03_S307_L001_R2_001.fastq.gz"  
 [7] "91613_ID2577_16S-23-R14-P05-G03_S308_L001_R1_001.fastq.gz"  
 [8] "91613_ID2577_16S-23-R14-P05-G03_S308_L001_R2_001.fastq.gz"  
 [9] "91614_ID2577_16S-24-R15-P05-H03_S309_L001_R1_001.fastq.gz"  
[10] "91614_ID2577_16S-24-R15-P05-H03_S309_L001_R2_001.fastq.gz"  
[11] "91615_ID2577_16S-25-R16-P05-A04_S310_L001_R1_001.fastq.gz"  
[12] "91615_ID2577_16S-25-R16-P05-A04_S310_L001_R2_001.fastq.gz"  
[13] "91616_ID2577_16S-26-R17-P05-B04_S311_L001_R1_001.fastq.gz"  
[14] "91616_ID2577_16S-26-R17-P05-B04_S311_L001_R2_001.fastq.gz"  
[15] "91617_ID2577_16S-27-R18-P05-C04_S312_L001_R1_001.fastq.gz"  
[16] "91617_ID2577_16S-27-R18-P05-C04_S312_L001_R2_001.fastq.gz"  
[17] "91618_ID2577_16S-28-R19-P05-D04_S313_L001_R1_001.fastq.gz"  
[18] "91618_ID2577_16S-28-R19-P05-D04_S313_L001_R2_001.fastq.gz"  
[19] "91619_ID2577_16S-29-R110-P05-E04_S314_L001_R1_001.fastq.gz" 
[20] "91619_ID2577_16S-29-R110-P05-E04_S314_L001_R2_001.fastq.gz" 
[21] "91620_ID2577_16S-30-R2M2-P05-G04_S315_L001_R1_001.fastq.gz" 
[22] "91620_ID2577_16S-30-R2M2-P05-G04_S315_L001_R2_001.fastq.gz" 
[23] "91621_ID2577_16S-31-R2M1-P05-F04_S316_L001_R1_001.fastq.gz" 
[24] "91621_ID2577_16S-31-R2M1-P05-F04_S316_L001_R2_001.fastq.gz" 
[25] "91622_ID2577_16S-32-R2M3-P05-H04_S317_L001_R1_001.fastq.gz" 
[26] "91622_ID2577_16S-32-R2M3-P05-H04_S317_L001_R2_001.fastq.gz" 
[27] "91623_ID2577_16S-33-R2M4-P05-A05_S318_L001_R1_001.fastq.gz" 
[28] "91623_ID2577_16S-33-R2M4-P05-A05_S318_L001_R2_001.fastq.gz" 
[29] "91624_ID2577_16S-34-R2M5-P05-B05_S319_L001_R1_001.fastq.gz" 
[30] "91624_ID2577_16S-34-R2M5-P05-B05_S319_L001_R2_001.fastq.gz" 
[31] "91625_ID2577_16S-35-R2M6-P05-C05_S320_L001_R1_001.fastq.gz" 
[32] "91625_ID2577_16S-35-R2M6-P05-C05_S320_L001_R2_001.fastq.gz" 
[33] "91626_ID2577_16S-36-R2M7-P05-D05_S321_L001_R1_001.fastq.gz" 
[34] "91626_ID2577_16S-36-R2M7-P05-D05_S321_L001_R2_001.fastq.gz" 
[35] "91627_ID2577_16S-37-R2M8-P05-E05_S322_L001_R1_001.fastq.gz" 
[36] "91627_ID2577_16S-37-R2M8-P05-E05_S322_L001_R2_001.fastq.gz" 
[37] "91628_ID2577_16S-38-R2M9-P05-F05_S323_L001_R1_001.fastq.gz" 
[38] "91628_ID2577_16S-38-R2M9-P05-F05_S323_L001_R2_001.fastq.gz" 
[39] "91629_ID2577_16S-39-R2M10-P05-G05_S324_L001_R1_001.fastq.gz"
[40] "91629_ID2577_16S-39-R2M10-P05-G05_S324_L001_R2_001.fastq.gz"
[41] "91630_ID2577_16S-40-R2C1-P05-H05_S325_L001_R1_001.fastq.gz" 
[42] "91630_ID2577_16S-40-R2C1-P05-H05_S325_L001_R2_001.fastq.gz" 
[43] "91631_ID2577_16S-41-R2C2-P05-A06_S326_L001_R1_001.fastq.gz" 
[44] "91631_ID2577_16S-41-R2C2-P05-A06_S326_L001_R2_001.fastq.gz" 
[45] "91632_ID2577_16S-42-R2C3-P05-B06_S327_L001_R1_001.fastq.gz" 
[46] "91632_ID2577_16S-42-R2C3-P05-B06_S327_L001_R2_001.fastq.gz" 
[47] "91633_ID2577_16S-43-R2C4-P05-C06_S328_L001_R1_001.fastq.gz" 
[48] "91633_ID2577_16S-43-R2C4-P05-C06_S328_L001_R2_001.fastq.gz" 
[49] "91634_ID2577_16S-44-R2C5-P05-D06_S329_L001_R1_001.fastq.gz" 
[50] "91634_ID2577_16S-44-R2C5-P05-D06_S329_L001_R2_001.fastq.gz" 
[51] "91635_ID2577_16S-45-R2C6-P05-E06_S330_L001_R1_001.fastq.gz" 
[52] "91635_ID2577_16S-45-R2C6-P05-E06_S330_L001_R2_001.fastq.gz" 
[53] "91636_ID2577_16S-46-R2C7-P05-F06_S331_L001_R1_001.fastq.gz" 
[54] "91636_ID2577_16S-46-R2C7-P05-F06_S331_L001_R2_001.fastq.gz" 
[55] "91637_ID2577_16S-47-R2C8-P05-G06_S332_L001_R1_001.fastq.gz" 
[56] "91637_ID2577_16S-47-R2C8-P05-G06_S332_L001_R2_001.fastq.gz" 
[57] "91638_ID2577_16S-48-R2C9-P05-H06_S333_L001_R1_001.fastq.gz" 
[58] "91638_ID2577_16S-48-R2C9-P05-H06_S333_L001_R2_001.fastq.gz" 
[59] "91639_ID2577_16S-49-R2C10-P05-A07_S334_L001_R1_001.fastq.gz"
[60] "91639_ID2577_16S-49-R2C10-P05-A07_S334_L001_R2_001.fastq.gz"
[61] "91640_ID2577_16S-50-MOCK5-P05-B07_S335_L001_R1_001.fastq.gz"
[62] "91640_ID2577_16S-50-MOCK5-P05-B07_S335_L001_R2_001.fastq.gz"
Warning message:
In dir.create(project.fp) :
  '/lustre/nobackup/INDIVIDUAL/kreek001/Pilot3_output_slurm_16S' already exists
