Loading required package: Rcpp
[1] ‘1.22.0’
Loading required package: BiocGenerics

Attaching package: ‘BiocGenerics’

The following objects are masked from ‘package:stats’:

    IQR, mad, sd, var, xtabs

The following objects are masked from ‘package:base’:

    anyDuplicated, append, as.data.frame, basename, cbind, colnames,
    dirname, do.call, duplicated, eval, evalq, Filter, Find, get, grep,
    grepl, intersect, is.unsorted, lapply, Map, mapply, match, mget,
    order, paste, pmax, pmax.int, pmin, pmin.int, Position, rank,
    rbind, Reduce, rownames, sapply, setdiff, sort, table, tapply,
    union, unique, unsplit, which.max, which.min

Loading required package: BiocParallel
Loading required package: Biostrings
Loading required package: S4Vectors
Loading required package: stats4

Attaching package: ‘S4Vectors’

The following objects are masked from ‘package:base’:

    expand.grid, I, unname

Loading required package: IRanges
Loading required package: XVector
Loading required package: GenomeInfoDb

Attaching package: ‘Biostrings’

The following object is masked from ‘package:base’:

    strsplit

Loading required package: Rsamtools
Loading required package: GenomicRanges
Loading required package: GenomicAlignments
Loading required package: SummarizedExperiment
Loading required package: MatrixGenerics
Loading required package: matrixStats

Attaching package: ‘MatrixGenerics’

The following objects are masked from ‘package:matrixStats’:

    colAlls, colAnyNAs, colAnys, colAvgsPerRowSet, colCollapse,
    colCounts, colCummaxs, colCummins, colCumprods, colCumsums,
    colDiffs, colIQRDiffs, colIQRs, colLogSumExps, colMadDiffs,
    colMads, colMaxs, colMeans2, colMedians, colMins, colOrderStats,
    colProds, colQuantiles, colRanges, colRanks, colSdDiffs, colSds,
    colSums2, colTabulates, colVarDiffs, colVars, colWeightedMads,
    colWeightedMeans, colWeightedMedians, colWeightedSds,
    colWeightedVars, rowAlls, rowAnyNAs, rowAnys, rowAvgsPerColSet,
    rowCollapse, rowCounts, rowCummaxs, rowCummins, rowCumprods,
    rowCumsums, rowDiffs, rowIQRDiffs, rowIQRs, rowLogSumExps,
    rowMadDiffs, rowMads, rowMaxs, rowMeans2, rowMedians, rowMins,
    rowOrderStats, rowProds, rowQuantiles, rowRanges, rowRanks,
    rowSdDiffs, rowSds, rowSums2, rowTabulates, rowVarDiffs, rowVars,
    rowWeightedMads, rowWeightedMeans, rowWeightedMedians,
    rowWeightedSds, rowWeightedVars

Loading required package: Biobase
Welcome to Bioconductor

    Vignettes contain introductory material; view with
    'browseVignettes()'. To cite Bioconductor, see
    'citation("Biobase")', and for packages 'citation("pkgname")'.


Attaching package: ‘Biobase’

The following object is masked from ‘package:MatrixGenerics’:

    rowMedians

The following objects are masked from ‘package:matrixStats’:

    anyMissing, rowMedians

[1] ‘1.52.0’

Attaching package: ‘dplyr’

The following object is masked from ‘package:ShortRead’:

    id

The following objects are masked from ‘package:GenomicAlignments’:

    first, last

The following object is masked from ‘package:Biobase’:

    combine

The following object is masked from ‘package:matrixStats’:

    count

The following objects are masked from ‘package:GenomicRanges’:

    intersect, setdiff, union

The following objects are masked from ‘package:Biostrings’:

    collapse, intersect, setdiff, setequal, union

The following object is masked from ‘package:GenomeInfoDb’:

    intersect

The following object is masked from ‘package:XVector’:

    slice

The following objects are masked from ‘package:IRanges’:

    collapse, desc, intersect, setdiff, slice, union

The following objects are masked from ‘package:S4Vectors’:

    first, intersect, rename, setdiff, setequal, union

The following objects are masked from ‘package:BiocGenerics’:

    combine, intersect, setdiff, union

The following objects are masked from ‘package:stats’:

    filter, lag

The following objects are masked from ‘package:base’:

    intersect, setdiff, setequal, union

[1] ‘1.0.10’

Attaching package: ‘tidyr’

The following object is masked from ‘package:S4Vectors’:

    expand

[1] ‘1.2.1’
Loading required package: lattice
Loading required package: survival
Loading required package: Formula
Loading required package: ggplot2

Attaching package: ‘Hmisc’

The following objects are masked from ‘package:dplyr’:

    src, summarize

The following object is masked from ‘package:ShortRead’:

    zoom

The following object is masked from ‘package:Biobase’:

    contents

The following objects are masked from ‘package:Biostrings’:

    mask, translate

The following objects are masked from ‘package:base’:

    format.pval, units

[1] ‘4.7.1’
[1] ‘3.3.6’

Attaching package: ‘plotly’

The following object is masked from ‘package:Hmisc’:

    subplot

The following object is masked from ‘package:ggplot2’:

    last_plot

The following object is masked from ‘package:XVector’:

    slice

The following object is masked from ‘package:IRanges’:

    slice

The following object is masked from ‘package:S4Vectors’:

    rename

The following object is masked from ‘package:stats’:

    filter

The following object is masked from ‘package:graphics’:

    layout

[1] ‘4.10.0’
Creating output directory: /lustre/nobackup/INDIVIDUAL/kreek001/Pilot3_output_slurm_16S/02_filter/preprocessed_F/filtered
Creating output directory:/lustre/nobackup/INDIVIDUAL/kreek001/Pilot3_output_slurm_16S/02_filter/preprocessed_R/filtered
                                                          reads.in reads.out
91610_ID2577_16S-20-R11-P05-D03_S305_L001_R1_001.fastq.gz   318986    199433
91611_ID2577_16S-21-R12-P05-E03_S306_L001_R1_001.fastq.gz   215837    127296
91612_ID2577_16S-22-R13-P05-F03_S307_L001_R1_001.fastq.gz   346609    214379
91613_ID2577_16S-23-R14-P05-G03_S308_L001_R1_001.fastq.gz   314443    192217
91614_ID2577_16S-24-R15-P05-H03_S309_L001_R1_001.fastq.gz   404958    203618
91615_ID2577_16S-25-R16-P05-A04_S310_L001_R1_001.fastq.gz   511649    312780
  min_remaining median_remaining mean_remaining max_remaining
1         10.9%           59.97%         55.23%        64.54%
Warning messages:
1: `guides(<scale> = FALSE)` is deprecated. Please use `guides(<scale> = "none")` instead. 
2: `guides(<scale> = FALSE)` is deprecated. Please use `guides(<scale> = "none")` instead. 
