Loading required package: Rcpp
[1] ‘1.22.0’
Loading required package: BiocGenerics

Attaching package: ‘BiocGenerics’

The following objects are masked from ‘package:stats’:

    IQR, mad, sd, var, xtabs

The following objects are masked from ‘package:base’:

    anyDuplicated, append, as.data.frame, basename, cbind, colnames,
    dirname, do.call, duplicated, eval, evalq, Filter, Find, get, grep,
    grepl, intersect, is.unsorted, lapply, Map, mapply, match, mget,
    order, paste, pmax, pmax.int, pmin, pmin.int, Position, rank,
    rbind, Reduce, rownames, sapply, setdiff, sort, table, tapply,
    union, unique, unsplit, which.max, which.min

Loading required package: BiocParallel
Loading required package: Biostrings
Loading required package: S4Vectors
Loading required package: stats4

Attaching package: ‘S4Vectors’

The following objects are masked from ‘package:base’:

    expand.grid, I, unname

Loading required package: IRanges
Loading required package: XVector
Loading required package: GenomeInfoDb

Attaching package: ‘Biostrings’

The following object is masked from ‘package:base’:

    strsplit

Loading required package: Rsamtools
Loading required package: GenomicRanges
Loading required package: GenomicAlignments
Loading required package: SummarizedExperiment
Loading required package: MatrixGenerics
Loading required package: matrixStats

Attaching package: ‘MatrixGenerics’

The following objects are masked from ‘package:matrixStats’:

    colAlls, colAnyNAs, colAnys, colAvgsPerRowSet, colCollapse,
    colCounts, colCummaxs, colCummins, colCumprods, colCumsums,
    colDiffs, colIQRDiffs, colIQRs, colLogSumExps, colMadDiffs,
    colMads, colMaxs, colMeans2, colMedians, colMins, colOrderStats,
    colProds, colQuantiles, colRanges, colRanks, colSdDiffs, colSds,
    colSums2, colTabulates, colVarDiffs, colVars, colWeightedMads,
    colWeightedMeans, colWeightedMedians, colWeightedSds,
    colWeightedVars, rowAlls, rowAnyNAs, rowAnys, rowAvgsPerColSet,
    rowCollapse, rowCounts, rowCummaxs, rowCummins, rowCumprods,
    rowCumsums, rowDiffs, rowIQRDiffs, rowIQRs, rowLogSumExps,
    rowMadDiffs, rowMads, rowMaxs, rowMeans2, rowMedians, rowMins,
    rowOrderStats, rowProds, rowQuantiles, rowRanges, rowRanks,
    rowSdDiffs, rowSds, rowSums2, rowTabulates, rowVarDiffs, rowVars,
    rowWeightedMads, rowWeightedMeans, rowWeightedMedians,
    rowWeightedSds, rowWeightedVars

Loading required package: Biobase
Welcome to Bioconductor

    Vignettes contain introductory material; view with
    'browseVignettes()'. To cite Bioconductor, see
    'citation("Biobase")', and for packages 'citation("pkgname")'.


Attaching package: ‘Biobase’

The following object is masked from ‘package:MatrixGenerics’:

    rowMedians

The following objects are masked from ‘package:matrixStats’:

    anyMissing, rowMedians

[1] ‘1.52.0’

Attaching package: ‘dplyr’

The following object is masked from ‘package:ShortRead’:

    id

The following objects are masked from ‘package:GenomicAlignments’:

    first, last

The following object is masked from ‘package:Biobase’:

    combine

The following object is masked from ‘package:matrixStats’:

    count

The following objects are masked from ‘package:GenomicRanges’:

    intersect, setdiff, union

The following objects are masked from ‘package:Biostrings’:

    collapse, intersect, setdiff, setequal, union

The following object is masked from ‘package:GenomeInfoDb’:

    intersect

The following object is masked from ‘package:XVector’:

    slice

The following objects are masked from ‘package:IRanges’:

    collapse, desc, intersect, setdiff, slice, union

The following objects are masked from ‘package:S4Vectors’:

    first, intersect, rename, setdiff, setequal, union

The following objects are masked from ‘package:BiocGenerics’:

    combine, intersect, setdiff, union

The following objects are masked from ‘package:stats’:

    filter, lag

The following objects are masked from ‘package:base’:

    intersect, setdiff, setequal, union

[1] ‘1.0.10’

Attaching package: ‘tidyr’

The following object is masked from ‘package:S4Vectors’:

    expand

[1] ‘1.2.1’
Loading required package: lattice
Loading required package: survival
Loading required package: Formula
Loading required package: ggplot2

Attaching package: ‘Hmisc’

The following objects are masked from ‘package:dplyr’:

    src, summarize

The following object is masked from ‘package:ShortRead’:

    zoom

The following object is masked from ‘package:Biobase’:

    contents

The following objects are masked from ‘package:Biostrings’:

    mask, translate

The following objects are masked from ‘package:base’:

    format.pval, units

[1] ‘4.7.1’
[1] ‘3.3.6’

Attaching package: ‘plotly’

The following object is masked from ‘package:Hmisc’:

    subplot

The following object is masked from ‘package:ggplot2’:

    last_plot

The following object is masked from ‘package:XVector’:

    slice

The following object is masked from ‘package:IRanges’:

    slice

The following object is masked from ‘package:S4Vectors’:

    rename

The following object is masked from ‘package:stats’:

    filter

The following object is masked from ‘package:graphics’:

    layout

[1] ‘4.10.0’
100276970 total bases in 430439 reads from 2 samples will be used for learning the error rates.
106379473 total bases in 464537 reads from 2 samples will be used for learning the error rates.
126067674 total bases in 541108 reads from 3 samples will be used for learning the error rates.
Initializing error rates to maximum possible estimate.
selfConsist step 1 ...
   selfConsist step 2
   selfConsist step 3
   selfConsist step 4
   selfConsist step 5
   selfConsist step 6
   selfConsist step 7
   selfConsist step 8
   selfConsist step 9
Convergence after  9  rounds.
123914458 total bases in 541108 reads from 3 samples will be used for learning the error rates.
Initializing error rates to maximum possible estimate.
selfConsist step 1 ...
   selfConsist step 2
   selfConsist step 3
   selfConsist step 4
   selfConsist step 5
   selfConsist step 6
   selfConsist step 7
   selfConsist step 8
   selfConsist step 9
   selfConsist step 10
Self-consistency loop terminated before convergence.
126067674 total bases in 541108 reads from 3 samples will be used for learning the error rates.
Initializing error rates to maximum possible estimate.
selfConsist step 1 ...
   selfConsist step 2
   selfConsist step 3
   selfConsist step 4
   selfConsist step 5
   selfConsist step 6
   selfConsist step 7
   selfConsist step 8
   selfConsist step 9
Convergence after  9  rounds.
123914458 total bases in 541108 reads from 3 samples will be used for learning the error rates.
Initializing error rates to maximum possible estimate.
selfConsist step 1 ...
   selfConsist step 2
   selfConsist step 3
   selfConsist step 4
   selfConsist step 5
   selfConsist step 6
   selfConsist step 7
   selfConsist step 8
Convergence after  8  rounds.
126067674 total bases in 541108 reads from 3 samples will be used for learning the error rates.
Initializing error rates to maximum possible estimate.
selfConsist step 1 ...
   selfConsist step 2
   selfConsist step 3
   selfConsist step 4
   selfConsist step 5
   selfConsist step 6
   selfConsist step 7
   selfConsist step 8
   selfConsist step 9
   selfConsist step 10
Self-consistency loop terminated before convergence.
123914458 total bases in 541108 reads from 3 samples will be used for learning the error rates.
Initializing error rates to maximum possible estimate.
selfConsist step 1 ...
   selfConsist step 2
   selfConsist step 3
   selfConsist step 4
   selfConsist step 5
   selfConsist step 6
   selfConsist step 7
   selfConsist step 8
   selfConsist step 9
   selfConsist step 10
Self-consistency loop terminated before convergence.
126067674 total bases in 541108 reads from 3 samples will be used for learning the error rates.
Initializing error rates to maximum possible estimate.
selfConsist step 1 ...
   selfConsist step 2
   selfConsist step 3
   selfConsist step 4
   selfConsist step 5
   selfConsist step 6
   selfConsist step 7
   selfConsist step 8
   selfConsist step 9
   selfConsist step 10
Self-consistency loop terminated before convergence.
123914458 total bases in 541108 reads from 3 samples will be used for learning the error rates.
Initializing error rates to maximum possible estimate.
selfConsist step 1 ...
   selfConsist step 2
   selfConsist step 3
   selfConsist step 4
   selfConsist step 5
   selfConsist step 6
   selfConsist step 7
   selfConsist step 8
   selfConsist step 9
   selfConsist step 10
Self-consistency loop terminated before convergence.
Warning messages:
1: Transformation introduced infinite values in continuous y-axis 
2: Transformation introduced infinite values in continuous y-axis 
Warning messages:
1: Transformation introduced infinite values in continuous y-axis 
2: Transformation introduced infinite values in continuous y-axis 
Warning messages:
1: Transformation introduced infinite values in continuous y-axis 
2: Transformation introduced infinite values in continuous y-axis 
Warning messages:
1: Transformation introduced infinite values in continuous y-axis 
2: Transformation introduced infinite values in continuous y-axis 
Warning messages:
1: Transformation introduced infinite values in continuous y-axis 
2: Transformation introduced infinite values in continuous y-axis 
Warning messages:
1: Transformation introduced infinite values in continuous y-axis 
2: Transformation introduced infinite values in continuous y-axis 
Warning messages:
1: Transformation introduced infinite values in continuous y-axis 
2: Transformation introduced infinite values in continuous y-axis 
Warning messages:
1: Transformation introduced infinite values in continuous y-axis 
2: Transformation introduced infinite values in continuous y-axis 
Warning messages:
1: Transformation introduced infinite values in continuous y-axis 
2: Transformation introduced infinite values in continuous y-axis 
Warning messages:
1: Transformation introduced infinite values in continuous y-axis 
2: Transformation introduced infinite values in continuous y-axis 
Warning messages:
1: Transformation introduced infinite values in continuous y-axis 
2: Transformation introduced infinite values in continuous y-axis 
Warning messages:
1: Transformation introduced infinite values in continuous y-axis 
2: Transformation introduced infinite values in continuous y-axis 
Warning messages:
1: Transformation introduced infinite values in continuous y-axis 
2: Transformation introduced infinite values in continuous y-axis 
Warning messages:
1: Transformation introduced infinite values in continuous y-axis 
2: Transformation introduced infinite values in continuous y-axis 
Warning messages:
1: Transformation introduced infinite values in continuous y-axis 
2: Transformation introduced infinite values in continuous y-axis 
Warning messages:
1: Transformation introduced infinite values in continuous y-axis 
2: Transformation introduced infinite values in continuous y-axis 
Warning messages:
1: Transformation introduced infinite values in continuous y-axis 
2: Transformation introduced infinite values in continuous y-axis 
Warning messages:
1: Transformation introduced infinite values in continuous y-axis 
2: Transformation introduced infinite values in continuous y-axis 
Warning messages:
1: Transformation introduced infinite values in continuous y-axis 
2: Transformation introduced infinite values in continuous y-axis 
Warning messages:
1: Transformation introduced infinite values in continuous y-axis 
2: Transformation introduced infinite values in continuous y-axis 
