Loading required package: Rcpp
[1] ‘1.22.0’
Loading required package: BiocGenerics

Attaching package: ‘BiocGenerics’

The following objects are masked from ‘package:stats’:

    IQR, mad, sd, var, xtabs

The following objects are masked from ‘package:base’:

    anyDuplicated, append, as.data.frame, basename, cbind, colnames,
    dirname, do.call, duplicated, eval, evalq, Filter, Find, get, grep,
    grepl, intersect, is.unsorted, lapply, Map, mapply, match, mget,
    order, paste, pmax, pmax.int, pmin, pmin.int, Position, rank,
    rbind, Reduce, rownames, sapply, setdiff, sort, table, tapply,
    union, unique, unsplit, which.max, which.min

Loading required package: BiocParallel
Loading required package: Biostrings
Loading required package: S4Vectors
Loading required package: stats4

Attaching package: ‘S4Vectors’

The following objects are masked from ‘package:base’:

    expand.grid, I, unname

Loading required package: IRanges
Loading required package: XVector
Loading required package: GenomeInfoDb

Attaching package: ‘Biostrings’

The following object is masked from ‘package:base’:

    strsplit

Loading required package: Rsamtools
Loading required package: GenomicRanges
Loading required package: GenomicAlignments
Loading required package: SummarizedExperiment
Loading required package: MatrixGenerics
Loading required package: matrixStats

Attaching package: ‘MatrixGenerics’

The following objects are masked from ‘package:matrixStats’:

    colAlls, colAnyNAs, colAnys, colAvgsPerRowSet, colCollapse,
    colCounts, colCummaxs, colCummins, colCumprods, colCumsums,
    colDiffs, colIQRDiffs, colIQRs, colLogSumExps, colMadDiffs,
    colMads, colMaxs, colMeans2, colMedians, colMins, colOrderStats,
    colProds, colQuantiles, colRanges, colRanks, colSdDiffs, colSds,
    colSums2, colTabulates, colVarDiffs, colVars, colWeightedMads,
    colWeightedMeans, colWeightedMedians, colWeightedSds,
    colWeightedVars, rowAlls, rowAnyNAs, rowAnys, rowAvgsPerColSet,
    rowCollapse, rowCounts, rowCummaxs, rowCummins, rowCumprods,
    rowCumsums, rowDiffs, rowIQRDiffs, rowIQRs, rowLogSumExps,
    rowMadDiffs, rowMads, rowMaxs, rowMeans2, rowMedians, rowMins,
    rowOrderStats, rowProds, rowQuantiles, rowRanges, rowRanks,
    rowSdDiffs, rowSds, rowSums2, rowTabulates, rowVarDiffs, rowVars,
    rowWeightedMads, rowWeightedMeans, rowWeightedMedians,
    rowWeightedSds, rowWeightedVars

Loading required package: Biobase
Welcome to Bioconductor

    Vignettes contain introductory material; view with
    'browseVignettes()'. To cite Bioconductor, see
    'citation("Biobase")', and for packages 'citation("pkgname")'.


Attaching package: ‘Biobase’

The following object is masked from ‘package:MatrixGenerics’:

    rowMedians

The following objects are masked from ‘package:matrixStats’:

    anyMissing, rowMedians

[1] ‘1.52.0’

Attaching package: ‘dplyr’

The following object is masked from ‘package:ShortRead’:

    id

The following objects are masked from ‘package:GenomicAlignments’:

    first, last

The following object is masked from ‘package:Biobase’:

    combine

The following object is masked from ‘package:matrixStats’:

    count

The following objects are masked from ‘package:GenomicRanges’:

    intersect, setdiff, union

The following objects are masked from ‘package:Biostrings’:

    collapse, intersect, setdiff, setequal, union

The following object is masked from ‘package:GenomeInfoDb’:

    intersect

The following object is masked from ‘package:XVector’:

    slice

The following objects are masked from ‘package:IRanges’:

    collapse, desc, intersect, setdiff, slice, union

The following objects are masked from ‘package:S4Vectors’:

    first, intersect, rename, setdiff, setequal, union

The following objects are masked from ‘package:BiocGenerics’:

    combine, intersect, setdiff, union

The following objects are masked from ‘package:stats’:

    filter, lag

The following objects are masked from ‘package:base’:

    intersect, setdiff, setequal, union

[1] ‘1.0.10’

Attaching package: ‘tidyr’

The following object is masked from ‘package:S4Vectors’:

    expand

[1] ‘1.2.1’
Loading required package: lattice
Loading required package: survival
Loading required package: Formula
Loading required package: ggplot2

Attaching package: ‘Hmisc’

The following objects are masked from ‘package:dplyr’:

    src, summarize

The following object is masked from ‘package:ShortRead’:

    zoom

The following object is masked from ‘package:Biobase’:

    contents

The following objects are masked from ‘package:Biostrings’:

    mask, translate

The following objects are masked from ‘package:base’:

    format.pval, units

[1] ‘4.7.1’
[1] ‘3.3.6’

Attaching package: ‘plotly’

The following object is masked from ‘package:Hmisc’:

    subplot

The following object is masked from ‘package:ggplot2’:

    last_plot

The following object is masked from ‘package:XVector’:

    slice

The following object is masked from ‘package:IRanges’:

    slice

The following object is masked from ‘package:S4Vectors’:

    rename

The following object is masked from ‘package:stats’:

    filter

The following object is masked from ‘package:graphics’:

    layout

[1] ‘4.10.0’
[1] 93.60136
Warning message:
`unite_()` was deprecated in tidyr 1.2.0.
Please use `unite()` instead. 
                                                                             Sample
91610_ID2577_16S-20-R11-P05-D03_S305_L001 91610_ID2577_16S-20-R11-P05-D03_S305_L001
91611_ID2577_16S-21-R12-P05-E03_S306_L001 91611_ID2577_16S-21-R12-P05-E03_S306_L001
91612_ID2577_16S-22-R13-P05-F03_S307_L001 91612_ID2577_16S-22-R13-P05-F03_S307_L001
91613_ID2577_16S-23-R14-P05-G03_S308_L001 91613_ID2577_16S-23-R14-P05-G03_S308_L001
91614_ID2577_16S-24-R15-P05-H03_S309_L001 91614_ID2577_16S-24-R15-P05-H03_S309_L001
91615_ID2577_16S-25-R16-P05-A04_S310_L001 91615_ID2577_16S-25-R16-P05-A04_S310_L001
                                           input filtered denoisedF denoisedR
91610_ID2577_16S-20-R11-P05-D03_S305_L001 318986   199433    187494    188006
91611_ID2577_16S-21-R12-P05-E03_S306_L001 215837   127296    118092    118569
91612_ID2577_16S-22-R13-P05-F03_S307_L001 346609   214379    202101    202995
91613_ID2577_16S-23-R14-P05-G03_S308_L001 314443   192217    181806    182414
91614_ID2577_16S-24-R15-P05-H03_S309_L001 404958   203618    191991    192511
91615_ID2577_16S-25-R16-P05-A04_S310_L001 511649   312780    296661    297867
                                          merged nonchim
91610_ID2577_16S-20-R11-P05-D03_S305_L001 156903  147192
91611_ID2577_16S-21-R12-P05-E03_S306_L001  95664   89016
91612_ID2577_16S-22-R13-P05-F03_S307_L001 171146  159963
91613_ID2577_16S-23-R14-P05-G03_S308_L001 154698  145708
91614_ID2577_16S-24-R15-P05-H03_S309_L001 160661  151442
91615_ID2577_16S-25-R16-P05-A04_S310_L001 254092  237910
  filtered_pct_avg denoisedF_pct_avg denoisedR_pct_avg merged_pct_avg
1         55.22897          95.39315          95.64686       88.03545
  nonchim_pct_avg total_pct_avg
1         93.6933      43.59298
  filtered_pct_avg denoisedF_pct_avg denoisedR_pct_avg merged_pct_avg
1         55.22897          95.39315          95.64686       88.03545
  nonchim_pct_avg total_pct_avg
1         93.6933      43.59298
  filtered_pct_avg denoisedF_pct_avg denoisedR_pct_avg merged_pct_avg
1         59.97335          95.56359          95.56485        88.4717
  nonchim_pct_avg total_pct_avg
1        94.00213      46.33845
Warning messages:
1: `fun.y` is deprecated. Use `fun` instead. 
2: `fun.y` is deprecated. Use `fun` instead. 
